<?xml version="1.0" encoding="UTF-8"?>
<!-- Generated by org.testng.reporters.JUnitXMLReporter -->
<testsuite ignored="0" hostname="DESKTOP-GOIBKEG" failures="1" tests="1" name="verifyWelcomeScreen" time="1.357" errors="0" timestamp="2023-07-19T22:19:36 IST">
  <testcase classname="com.onekosmos.kernel.blockid.framework.init.Base" name="@AfterMethod tearDown" time="0.004">
    <failure type="java.lang.NullPointerException" message="Cannot invoke &amp;quot;org.openqa.selenium.WebDriver.quit()&amp;quot; because &amp;quot;this.driver&amp;quot; is null">
      <![CDATA[java.lang.NullPointerException: Cannot invoke "org.openqa.selenium.WebDriver.quit()" because "this.driver" is null
at com.onekosmos.kernel.blockid.framework.init.Base.tearDown(Base.java:321)
at java.base/java.util.ArrayList.forEach(ArrayList.java:1511)
at com.onekosmos.kernel.blockid.framework.runner.TestRunner.start(TestRunner.java:83)
at runner.Runner.main(Runner.java:11)
... Removed 27 stack frames]]>
    </failure>
  </testcase> <!-- @AfterMethod tearDown -->
  <testcase classname="mobile.tests.appRegister.AppRegister" name="verifyPinRegistration" time="0.008">
    <failure type="java.lang.IllegalArgumentException" message="Input must be set">
      <![CDATA[java.lang.IllegalArgumentException: Input must be set
at org.openqa.selenium.internal.Require.nonNull(Require.java:60)
at org.openqa.selenium.support.ui.FluentWait.<init>(FluentWait.java:94)
at org.openqa.selenium.support.ui.WebDriverWait.<init>(WebDriverWait.java:74)
at org.openqa.selenium.support.ui.WebDriverWait.<init>(WebDriverWait.java:43)
at com.onekosmos.kernel.blockid.performaction.autoweb.Wait.waitUntilElementIsVisible(Wait.java:30)
at mobile.objectRepository.appRegister.welcomeScreen.WelcomeScreen.verifyOneKosmosLogoIsVisible(WelcomeScreen.java:21)
at mobile.tests.appRegister.AppRegister.verifyPinRegistration(AppRegister.java:12)
at java.base/java.util.ArrayList.forEach(ArrayList.java:1511)
at com.onekosmos.kernel.blockid.framework.runner.TestRunner.start(TestRunner.java:83)
at runner.Runner.main(Runner.java:11)
... Removed 22 stack frames]]>
    </failure>
  </testcase> <!-- verifyPinRegistration -->
</testsuite> <!-- verifyWelcomeScreen -->
