<?xml version="1.0" encoding="UTF-8"?>
<!-- Generated by org.testng.reporters.JUnitXMLReporter -->
<testsuite ignored="3" hostname="DESKTOP-GOIBKEG" failures="0" tests="1" name="Verify user is checked Room Type on Master Screen" time="34.898" errors="0" timestamp="2023-05-16T12:44:31 IST">
  <testcase classname="web.tests.master.MasterTests" name="verifyAddingANewRoomType" time="7.308"/>
  <testcase classname="web.tests.master.MasterTests" name="verifyTheSideMenuFocus" time="0.0">
    <ignored/>
  </testcase> <!-- verifyTheSideMenuFocus -->
  <testcase classname="web.tests.master.MasterTests" name="verifyTheEmptyScreen" time="0.0">
    <ignored/>
  </testcase> <!-- verifyTheEmptyScreen -->
  <testcase classname="web.tests.master.MasterTests" name="verifyAddButtonWithoutFillingAllTheFields" time="0.0">
    <ignored/>
  </testcase> <!-- verifyAddButtonWithoutFillingAllTheFields -->
</testsuite> <!-- Verify user is checked Room Type on Master Screen -->
