<?xml version="1.0" encoding="UTF-8"?>
<!-- Generated by org.testng.reporters.JUnitXMLReporter -->
<testsuite ignored="16" hostname="DESKTOP-GOIBKEG" failures="0" tests="1" name="Verify user is checked Booking List View Screen" time="0.029" errors="0" timestamp="2023-07-10T11:40:41 IST">
  <testcase classname="web.tests.bookings.BookingsTests" name="verifyBookingFlow" time="0.0">
    <skipped/>
  </testcase> <!-- verifyBookingFlow -->
  <testcase classname="web.tests.bookings.BookingsTests" name="verifyTheCheckInButtonPresentOnTheBookingDetailViewScreen" time="0.0">
    <ignored/>
  </testcase> <!-- verifyTheCheckInButtonPresentOnTheBookingDetailViewScreen -->
  <testcase classname="web.tests.bookings.BookingsTests" name="verifySoftAllocationHappensWhenIncreasingTheOccupancyOfARoom" time="0.0">
    <ignored/>
  </testcase> <!-- verifySoftAllocationHappensWhenIncreasingTheOccupancyOfARoom -->
  <testcase classname="web.tests.bookings.BookingsTests" name="verifyCheckOutButtonToBeVisibleWhenGuestCheckInIsDone" time="0.0">
    <ignored/>
  </testcase> <!-- verifyCheckOutButtonToBeVisibleWhenGuestCheckInIsDone -->
  <testcase classname="web.tests.bookings.BookingsTests" name="verifyEditingGuestDetailsAfterCheckIn" time="0.0">
    <ignored/>
  </testcase> <!-- verifyEditingGuestDetailsAfterCheckIn -->
  <testcase classname="web.tests.bookings.BookingsTests" name="verifyThePartiallyDepartedStatus" time="0.0">
    <ignored/>
  </testcase> <!-- verifyThePartiallyDepartedStatus -->
  <testcase classname="web.tests.bookings.BookingsTests" name="verifyStayOverNotToBeVisible" time="0.0">
    <ignored/>
  </testcase> <!-- verifyStayOverNotToBeVisible -->
  <testcase classname="web.tests.bookings.BookingsTests" name="verifyCheckOutButtonShouldNotBeVisibleOnTheBookingDetailViewUntilTheCheckInIsDone" time="0.0">
    <ignored/>
  </testcase> <!-- verifyCheckOutButtonShouldNotBeVisibleOnTheBookingDetailViewUntilTheCheckInIsDone -->
  <testcase classname="web.tests.bookings.BookingsTests" name="verifyEditRoomShouldNotBeVisibleAfterCompleteCheckInIsDone" time="0.0">
    <ignored/>
  </testcase> <!-- verifyEditRoomShouldNotBeVisibleAfterCompleteCheckInIsDone -->
  <testcase classname="web.tests.bookings.BookingsTests" name="verifyOnlyRoomsThatAreNotCheckedOutShouldBeVisibleOnTheStayOverScreen" time="0.0">
    <ignored/>
  </testcase> <!-- verifyOnlyRoomsThatAreNotCheckedOutShouldBeVisibleOnTheStayOverScreen -->
  <testcase classname="web.tests.bookings.BookingsTests" name="verifyStayOverButtonVisibility" time="0.0">
    <ignored/>
  </testcase> <!-- verifyStayOverButtonVisibility -->
  <testcase classname="web.tests.bookings.BookingsTests" name="verifyCheckOutButtonShouldNotBeVisibleInTheBookingDetailViewWhenABookingIsCompletelyCheckedOut" time="0.0">
    <ignored/>
  </testcase> <!-- verifyCheckOutButtonShouldNotBeVisibleInTheBookingDetailViewWhenABookingIsCompletelyCheckedOut -->
  <testcase classname="web.tests.bookings.BookingsTests" name="verifyThePartiallyArrivedStatus" time="0.0">
    <ignored/>
  </testcase> <!-- verifyThePartiallyArrivedStatus -->
  <testcase classname="web.tests.bookings.BookingsTests" name="verifyArrivedStatus" time="0.0">
    <ignored/>
  </testcase> <!-- verifyArrivedStatus -->
  <testcase classname="web.tests.bookings.BookingsTests" name="verifyUserIsRedirectedToCheckOutMessageScreen" time="0.0">
    <ignored/>
  </testcase> <!-- verifyUserIsRedirectedToCheckOutMessageScreen -->
  <testcase classname="web.tests.bookings.BookingsTests" name="verifyTheDuplicateNumberWhenCheckIn" time="0.0">
    <ignored/>
  </testcase> <!-- verifyTheDuplicateNumberWhenCheckIn -->
  <testcase classname="web.tests.bookings.BookingsTests" name="verifyCancelRoomButtonShouldNotBeVisibleAfterTheCompleteCheckIn" time="0.0">
    <ignored/>
  </testcase> <!-- verifyCancelRoomButtonShouldNotBeVisibleAfterTheCompleteCheckIn -->
</testsuite> <!-- Verify user is checked Booking List View Screen -->
