<?xml version="1.0" encoding="UTF-8"?>
<!-- Generated by org.testng.reporters.JUnitXMLReporter -->
<testsuite ignored="2" hostname="DESKTOP-GOIBKEG" failures="0" tests="1" name="Verify user is checked Gateways on Inventory Screen" time="0.04" errors="0" timestamp="2023-07-10T11:40:40 IST">
  <testcase classname="web.tests.inventory.InventoryTests" name="verifyGatewaysOnInventorySections" time="0.0">
    <skipped/>
  </testcase> <!-- verifyGatewaysOnInventorySections -->
  <testcase classname="web.tests.inventory.InventoryTests" name="verifyRepeatersOnInventorySections" time="0.0">
    <ignored/>
  </testcase> <!-- verifyRepeatersOnInventorySections -->
  <testcase classname="web.tests.inventory.InventoryTests" name="verifyLocksOnInventorySections" time="0.0">
    <ignored/>
  </testcase> <!-- verifyLocksOnInventorySections -->
</testsuite> <!-- Verify user is checked Gateways on Inventory Screen -->
