<?xml version="1.0" encoding="UTF-8"?>
<!-- Generated by org.testng.reporters.JUnitXMLReporter -->
<testsuite ignored="6" hostname="DESKTOP-GOIBKEG" failures="0" tests="1" name="Verify user is checked Floor Deleted on Master Screen" time="0.067" errors="0" timestamp="2023-07-10T11:40:40 IST">
  <testcase classname="web.tests.master.MasterTests" name="verifyTheRoomsGetsAutoDeleted" time="0.0">
    <skipped/>
  </testcase> <!-- verifyTheRoomsGetsAutoDeleted -->
  <testcase classname="web.tests.master.MasterTests" name="verifyAddEditDeleteFloor" time="0.0">
    <ignored/>
  </testcase> <!-- verifyAddEditDeleteFloor -->
  <testcase classname="web.tests.master.MasterTests" name="verifyPolicies" time="0.0">
    <ignored/>
  </testcase> <!-- verifyPolicies -->
  <testcase classname="web.tests.master.MasterTests" name="verifyAddEditDeleteChannels" time="0.0">
    <ignored/>
  </testcase> <!-- verifyAddEditDeleteChannels -->
  <testcase classname="web.tests.master.MasterTests" name="verifyFloorsAndRoomsAreAutoDeleted" time="0.0">
    <ignored/>
  </testcase> <!-- verifyFloorsAndRoomsAreAutoDeleted -->
  <testcase classname="web.tests.master.MasterTests" name="verifyRoomType" time="0.0">
    <ignored/>
  </testcase> <!-- verifyRoomType -->
  <testcase classname="web.tests.master.MasterTests" name="verifyAddEditDeleteBlocks" time="0.0">
    <ignored/>
  </testcase> <!-- verifyAddEditDeleteBlocks -->
</testsuite> <!-- Verify user is checked Floor Deleted on Master Screen -->
