<?xml version="1.0" encoding="UTF-8"?>
<!-- Generated by org.testng.reporters.JUnitXMLReporter -->
<testsuite ignored="1" hostname="DESKTOP-GOIBKEG" failures="0" tests="1" name="Verify user is checked Welcome Screen" time="0.666" errors="0" timestamp="2023-07-10T11:40:40 IST">
  <testcase classname="com.onekosmos.kernel.blockid.framework.init.Base" name="@BeforeMethod init" time="0.079">
    <failure type="java.lang.AbstractMethodError" message="Receiver class org.openqa.selenium.chrome.ChromeDriverService$Builder does not define or inherit an implementation of the resolved method &amp;apos;abstract void loadSystemProperties()&amp;apos; of abstract class org.openqa.selenium.remote.service.DriverService$Builder.">
        <![CDATA[java.lang.AbstractMethodError: Receiver class org.openqa.selenium.chrome.ChromeDriverService$Builder does not define or inherit an implementation of the resolved method 'abstract void loadSystemProperties()' of abstract class org.openqa.selenium.remote.service.DriverService$Builder.
at org.openqa.selenium.remote.service.DriverService$Builder.build(DriverService.java:504)
at org.openqa.selenium.chrome.ChromeDriverService.createServiceWithConfig(ChromeDriverService.java:142)
at org.openqa.selenium.chrome.ChromeDriver.<init>(ChromeDriver.java:70)
at com.onekosmos.kernel.blockid.framework.init.Base.setupBrowser(Base.java:109)
at com.onekosmos.kernel.blockid.framework.init.Base.init(Base.java:75)
at java.base/java.util.ArrayList.forEach(ArrayList.java:1511)
at com.onekosmos.kernel.blockid.framework.runner.TestRunner.start(TestRunner.java:83)
at runner.Runner.main(Runner.java:11)
... Removed 26 stack frames]]>
    </failure>
  </testcase> <!-- @BeforeMethod init -->
  <testcase classname="com.onekosmos.kernel.blockid.framework.init.Base" name="@AfterMethod tearDown" time="0.0">
    <skipped/>
  </testcase> <!-- @AfterMethod tearDown -->
  <testcase classname="web.tests.login.LoginTests" name="verifyWelcomeScreen" time="0.0">
    <skipped/>
  </testcase> <!-- verifyWelcomeScreen -->
  <testcase classname="web.tests.login.LoginTests" name="verifyForgotPasswordScreen" time="0.0">
    <ignored/>
  </testcase> <!-- verifyForgotPasswordScreen -->
</testsuite> <!-- Verify user is checked Welcome Screen -->
