<?xml version="1.0" encoding="UTF-8"?>
<!-- Generated by org.testng.reporters.JUnitXMLReporter -->
<testsuite ignored="1" hostname="DESKTOP-GOIBKEG" failures="0" tests="1" name="Verify user is Forgot Password Screen" time="0.034" errors="0" timestamp="2023-07-10T11:40:40 IST">
  <testcase classname="web.tests.login.LoginTests" name="verifyForgotPasswordScreen" time="0.0">
    <skipped/>
  </testcase> <!-- verifyForgotPasswordScreen -->
  <testcase classname="web.tests.login.LoginTests" name="verifyWelcomeScreen" time="0.0">
    <ignored/>
  </testcase> <!-- verifyWelcomeScreen -->
</testsuite> <!-- Verify user is Forgot Password Screen -->
