<?xml version="1.0" encoding="UTF-8"?>
<!-- Generated by org.testng.reporters.JUnitXMLReporter -->
<testsuite ignored="1" hostname="DESKTOP-GOIBKEG" failures="0" tests="1" name="Verify user is checked List View on Rooms Screen" time="0.048" errors="0" timestamp="2023-07-10T11:40:40 IST">
  <testcase classname="web.tests.rooms.RoomsTests" name="verifyListViewOnRoomsSections" time="0.0">
    <skipped/>
  </testcase> <!-- verifyListViewOnRoomsSections -->
  <testcase classname="web.tests.rooms.RoomsTests" name="verifyAddEditDeleteRooms" time="0.0">
    <ignored/>
  </testcase> <!-- verifyAddEditDeleteRooms -->
</testsuite> <!-- Verify user is checked List View on Rooms Screen -->
