<?xml version="1.0" encoding="UTF-8"?>
<!-- Generated by org.testng.reporters.JUnitXMLReporter -->
<testsuite ignored="0" hostname="DESKTOP-GOIBKEG" failures="0" tests="1" name="Verify user is checked Staff List View Screen" time="0.03" errors="0" timestamp="2023-07-10T11:40:41 IST">
  <testcase classname="web.tests.staff.StaffTests" name="verifyStaffListOnStaff" time="0.0">
    <skipped/>
  </testcase> <!-- verifyStaffListOnStaff -->
</testsuite> <!-- Verify user is checked Staff List View Screen -->
