<?xml version="1.0" encoding="UTF-8"?>
<!-- Generated by org.testng.reporters.JUnitXMLReporter -->
<testsuite ignored="6" hostname="DESKTOP-GOIBKEG" failures="1" tests="1" name="Verify user is checked Channels on Master Screen" time="0.014" errors="0" timestamp="2023-07-10T11:40:41 IST">
  <testcase classname="web.tests.master.MasterTests" name="verifyAddEditDeleteChannels" time="0.014">
    <failure type="org.testng.internal.reflect.MethodMatcherException" message="
[public void web.tests.master.MasterTests.verifyAddEditDeleteChannels(java.lang.String,java.lang.String,java.lang.String,java.lang.String,java.lang.String)] has no parameters defined but was found to be using a data provider (either explicitly specified or inherited from class level annotation).
Data provider mismatch
Method: verifyAddEditDeleteChannels([java.lang.String arg0, java.lang.String arg1, java.lang.String arg2, java.lang.String arg3, java.lang.String arg4])
Arguments: [(java.lang.String) wahid@binaryveda.com,(java.lang.String) Wahid@123,(java.lang.String) abc@gmail.com,(java.lang.String) abcd12345,(java.lang.String) Email or Password is invalid,(java.lang.String) Dashboard]">
        <![CDATA[org.testng.internal.reflect.MethodMatcherException:
[public void web.tests.master.MasterTests.verifyAddEditDeleteChannels(java.lang.String,java.lang.String,java.lang.String,java.lang.String,java.lang.String)] has no parameters defined but was found to be using a data provider (either explicitly specified or inherited from class level annotation).
Data provider mismatch
Method: verifyAddEditDeleteChannels([java.lang.String arg0, java.lang.String arg1, java.lang.String arg2, java.lang.String arg3, java.lang.String arg4])
Arguments: [(java.lang.String) wahid@binaryveda.com,(java.lang.String) Wahid@123,(java.lang.String) abc@gmail.com,(java.lang.String) abcd12345,(java.lang.String) Email or Password is invalid,(java.lang.String) Dashboard]
at java.base/java.util.ArrayList.forEach(ArrayList.java:1511)
at com.onekosmos.kernel.blockid.framework.runner.TestRunner.start(TestRunner.java:83)
at runner.Runner.main(Runner.java:11)
... Removed 19 stack frames]]>
    </failure>
  </testcase> <!-- verifyAddEditDeleteChannels -->
  <testcase classname="web.tests.master.MasterTests" name="verifyFloorsAndRoomsAreAutoDeleted" time="0.0">
    <ignored/>
  </testcase> <!-- verifyFloorsAndRoomsAreAutoDeleted -->
  <testcase classname="web.tests.master.MasterTests" name="verifyPolicies" time="0.0">
    <ignored/>
  </testcase> <!-- verifyPolicies -->
  <testcase classname="web.tests.master.MasterTests" name="verifyRoomType" time="0.0">
    <ignored/>
  </testcase> <!-- verifyRoomType -->
  <testcase classname="web.tests.master.MasterTests" name="verifyTheRoomsGetsAutoDeleted" time="0.0">
    <ignored/>
  </testcase> <!-- verifyTheRoomsGetsAutoDeleted -->
  <testcase classname="web.tests.master.MasterTests" name="verifyAddEditDeleteFloor" time="0.0">
    <ignored/>
  </testcase> <!-- verifyAddEditDeleteFloor -->
  <testcase classname="web.tests.master.MasterTests" name="verifyAddEditDeleteBlocks" time="0.0">
    <ignored/>
  </testcase> <!-- verifyAddEditDeleteBlocks -->
</testsuite> <!-- Verify user is checked Channels on Master Screen -->
