<?xml version="1.0" encoding="UTF-8"?>
<!-- Generated by org.testng.reporters.JUnitReportReporter -->
<testsuite hostname="Unity_0034" failures="1" tests="1" name="mobile.tests.cosmospinsetuptest.Login1CosmosTest" time="38.600" errors="0" timestamp="2023-07-20T17:36:26 IST" skipped="0">
  <testcase classname="mobile.tests.cosmospinsetuptest.Login1CosmosTest" name="verifyPinsetUpSuccessfully" time="38.600">
    <failure message="expected:&lt;&quot;[Thank You!]&quot;&gt; but was:&lt;&quot;[Enable biometrics for easier access to your accounts.]&quot;&gt;" type="org.junit.ComparisonFailure">
      <![CDATA[org.junit.ComparisonFailure: expected:<"[Thank You!]"> but was:<"[Enable biometrics for easier access to your accounts.]">
at java.base/jdk.internal.reflect.DirectConstructorHandleAccessor.newInstance(DirectConstructorHandleAccessor.java:67)
at java.base/java.lang.reflect.Constructor.newInstanceWithCaller(Constructor.java:499)
at com.onekosmos.kernel.blockid.performaction.autoweb.Verify.elementTextIsEqualTo(Verify.java:95)
at mobile.objectRepository.cosmospinsetup.Login1Cosmos.verifyThankYouMessageText(Login1Cosmos.java:95)
at mobile.tests.cosmospinsetuptest.Login1CosmosTest.verifyPinsetUpSuccessfully(Login1CosmosTest.java:28)
at java.base/jdk.internal.reflect.DirectMethodHandleAccessor.invoke(DirectMethodHandleAccessor.java:104)
at java.base/java.lang.reflect.Method.invoke(Method.java:577)
at org.testng.internal.invokers.MethodInvocationHelper.invokeMethod(MethodInvocationHelper.java:139)
at org.testng.internal.invokers.TestInvoker.invokeMethod(TestInvoker.java:677)
at org.testng.internal.invokers.TestInvoker.invokeTestMethod(TestInvoker.java:221)
at org.testng.internal.invokers.MethodRunner.runInSequence(MethodRunner.java:50)
at org.testng.internal.invokers.TestInvoker$MethodInvocationAgent.invoke(TestInvoker.java:969)
at org.testng.internal.invokers.TestInvoker.invokeTestMethods(TestInvoker.java:194)
at org.testng.internal.invokers.TestMethodWorker.invokeTestMethods(TestMethodWorker.java:148)
at org.testng.internal.invokers.TestMethodWorker.run(TestMethodWorker.java:128)
at java.base/java.util.ArrayList.forEach(ArrayList.java:1511)
at org.testng.TestRunner.privateRun(TestRunner.java:829)
at org.testng.TestRunner.run(TestRunner.java:602)
at org.testng.SuiteRunner.runTest(SuiteRunner.java:437)
at org.testng.SuiteRunner.runSequentially(SuiteRunner.java:431)
at org.testng.SuiteRunner.privateRun(SuiteRunner.java:391)
at org.testng.SuiteRunner.run(SuiteRunner.java:330)
at org.testng.SuiteRunnerWorker.runSuite(SuiteRunnerWorker.java:52)
at org.testng.SuiteRunnerWorker.run(SuiteRunnerWorker.java:95)
at org.testng.TestNG.runSuitesSequentially(TestNG.java:1256)
at org.testng.TestNG.runSuitesLocally(TestNG.java:1176)
at org.testng.TestNG.runSuites(TestNG.java:1099)
at org.testng.TestNG.run(TestNG.java:1067)
at com.onekosmos.kernel.blockid.framework.runner.TestRunner.start(TestRunner.java:83)
at runner.Runner.main(Runner.java:11)
]]>
    </failure>
  </testcase> <!-- verifyPinsetUpSuccessfully -->
  <system-out>
    <![CDATA[Click on verifyUserAgreementLink
INFO: Clicked on verifyUserAgreementLink
Click on verifyBackButtonOf1cosmosAgreement
INFO: Clicked on verifyBackButtonOf1cosmosAgreement
Click on verifyContinueButton
INFO: Clicked on verifyContinueButton
Click on VerifyAuthLoginPin
INFO: Clicked on VerifyAuthLoginPin
Verify element VerifyPinRegistration text is equal to PIN Registration
Get element Text isPIN Registration
<h1 style="color:green;font-size:15px;">Test Passed</h1> 
Verify element VerifyEnterNewPin text is equal to Enter new PIN
Get element Text isEnter new PIN
<h1 style="color:green;font-size:15px;">Test Passed</h1> 
Click on verifyPinFieldBox
INFO: Clicked on verifyPinFieldBox
Enter text 00000000 at locator verifyPinFieldBox
Verify element VerifyConfirmNewPin text is equal to Confirm new PIN
Get element Text isConfirm new PIN
<h1 style="color:green;font-size:15px;">Test Passed</h1> 
Click on verifyConfirmNewPinFieldBox
INFO: Clicked on verifyConfirmNewPinFieldBox
Enter text 00000000 at locator verifyConfirmNewPinFieldBox
Verify element verifyThankYouMessage text is equal to Thank You!
Get element Text isEnable biometrics for easier access to your accounts.]]>
  </system-out>
</testsuite> <!-- mobile.tests.cosmospinsetuptest.Login1CosmosTest -->
