<?xml version="1.0" encoding="UTF-8"?>
<!-- Generated by org.testng.reporters.JUnitXMLReporter -->
<testsuite ignored="1" hostname="DESKTOP-GOIBKEG" failures="0" tests="1" name="Verify user is Forgot Password Screen" time="2.952" errors="0" timestamp="2023-07-14T11:33:06 IST">
  <testcase classname="web.tests.login.LoginTests" name="verifyForgotPasswordScreen" time="0.0"/>
  <testcase classname="web.tests.login.LoginTests" name="verifyWelcomeScreen" time="0.0">
    <ignored/>
  </testcase> <!-- verifyWelcomeScreen -->
</testsuite> <!-- Verify user is Forgot Password Screen -->
